Command line: /mnt/Media/mt_benchmark/tools/MitoFinder/mitofinder -a OalD2_mf_mb_mtg_mtDNA_contig.fasta.final-mtgrasp_v1.1.8-assembly.fa -r ../../NCBI/KX341964_Ecy_mt_complete_genome.gb -o 5 -j Oal_D2_mf_mb_mtg

Start time : 2026-06-16 15:43:05

Job name = Oal_D2_mf_mb_mtg

Creating Output directory : /mnt/Work/Research/Projects/Genome/texts/2025_Ocm/mt_genomes_analysis/0_assemblies/new/mf_mb_mf_mtg/Oal_D2_mf_mb_mtg
All results will be written here
Program folders:
MEGAHIT = /mnt/Media/mt_benchmark/tools/MitoFinder/megahit/
Blast folder = /mnt/Media/mt_benchmark/tools/MitoFinder/blast/bin/
IDBA-UD folder = /mnt/Media/mt_benchmark/tools/MitoFinder/idba/bin/
MetaSPAdes folder = /mnt/Media/mt_benchmark/tools/MitoFinder/metaspades/bin/
ARWEN folder = /mnt/Media/mt_benchmark/tools/MitoFinder/arwen/
MiTFi folder = /mnt/Media/mt_benchmark/tools/MitoFinder/mitfi/
tRNAscan-SE folder = /mnt/Media/mt_benchmark/tools/MitoFinder/trnascanSE/tRNAscan-SE-2.0/


Formatting database for mitochondrial contigs identification...
Running mitochondrial contigs identification step...

MitoFinder found a single mitochondrial contig
Checking resulting contig for circularization...

Evidences of circularization could not be found, but everyother step was successful



Creating summary statistics for the mtDNA contig

Annotating

tRNA annotation with MitFi run well.

Annotation completed


Creating GFF and fasta files.

Note: 
15 genes were found in mtDNA_contig

## Final sequence saved to /mnt/Work/Research/Projects/Genome/texts/2025_Ocm/mt_genomes_analysis/0_assemblies/new/mf_mb_mf_mtg/Oal_D2_mf_mb_mtg/Oal_D2_mf_mb_mtg_MitoFinder_mitfi_Final_Results/


Total wall-clock time used by MitoFinder = 0:03:18.940959
